0 info it worked if it ends with ok
1 verbose cli [ '/home/chr/.nvm/versions/node/v6.10.1/bin/node',
1 verbose cli   '/home/chr/.nvm/versions/node/v6.10.1/bin/npm',
1 verbose cli   'run',
1 verbose cli   'server' ]
2 info using npm@3.10.10
3 info using node@v6.10.1
4 verbose run-script [ 'preserver', 'server', 'postserver' ]
5 info lifecycle qiandao@0.0.0~preserver: qiandao@0.0.0
6 silly lifecycle qiandao@0.0.0~preserver: no script for preserver, continuing
7 info lifecycle qiandao@0.0.0~server: qiandao@0.0.0
8 verbose lifecycle qiandao@0.0.0~server: unsafe-perm in lifecycle true
9 verbose lifecycle qiandao@0.0.0~server: PATH: /home/chr/.nvm/versions/node/v6.10.1/lib/node_modules/npm/bin/node-gyp-bin:/home/chr/github/qiandao/node_modules/.bin:/home/chr/anaconda3/bin:/home/chr/.nvm/versions/node/v6.10.1/bin:/home/chr/bin:/home/chr/.local/bin:/usr/local/sbin:/usr/local/bin:/usr/sbin:/usr/bin:/sbin:/bin:/usr/games:/usr/local/games:/snap/bin:/home/chr/Android/Sdk/tools:/home/chr/Android/Sdk/platform-tools:/home/chr/Android/Sdk/tools:/home/chr/Android/Sdk/platform-tools
10 verbose lifecycle qiandao@0.0.0~server: CWD: /home/chr/github/qiandao
11 silly lifecycle qiandao@0.0.0~server: Args: [ '-c', 'PORT=3000 node ./app/bin/www  ' ]
12 silly lifecycle qiandao@0.0.0~server: Returned: code: 1  signal: null
13 info lifecycle qiandao@0.0.0~server: Failed to exec server script
14 verbose stack Error: qiandao@0.0.0 server: `PORT=3000 node ./app/bin/www  `
14 verbose stack Exit status 1
14 verbose stack     at EventEmitter.<anonymous> (/home/chr/.nvm/versions/node/v6.10.1/lib/node_modules/npm/lib/utils/lifecycle.js:255:16)
14 verbose stack     at emitTwo (events.js:106:13)
14 verbose stack     at EventEmitter.emit (events.js:191:7)
14 verbose stack     at ChildProcess.<anonymous> (/home/chr/.nvm/versions/node/v6.10.1/lib/node_modules/npm/lib/utils/spawn.js:40:14)
14 verbose stack     at emitTwo (events.js:106:13)
14 verbose stack     at ChildProcess.emit (events.js:191:7)
14 verbose stack     at maybeClose (internal/child_process.js:886:16)
14 verbose stack     at Process.ChildProcess._handle.onexit (internal/child_process.js:226:5)
15 verbose pkgid qiandao@0.0.0
16 verbose cwd /home/chr/github/qiandao
17 error Linux 4.10.0-32-generic
18 error argv "/home/chr/.nvm/versions/node/v6.10.1/bin/node" "/home/chr/.nvm/versions/node/v6.10.1/bin/npm" "run" "server"
19 error node v6.10.1
20 error npm  v3.10.10
21 error code ELIFECYCLE
22 error qiandao@0.0.0 server: `PORT=3000 node ./app/bin/www  `
22 error Exit status 1
23 error Failed at the qiandao@0.0.0 server script 'PORT=3000 node ./app/bin/www  '.
23 error Make sure you have the latest version of node.js and npm installed.
23 error If you do, this is most likely a problem with the qiandao package,
23 error not with npm itself.
23 error Tell the author that this fails on your system:
23 error     PORT=3000 node ./app/bin/www
23 error You can get information on how to open an issue for this project with:
23 error     npm bugs qiandao
23 error Or if that isn't available, you can get their info via:
23 error     npm owner ls qiandao
23 error There is likely additional logging output above.
24 verbose exit [ 1, true ]
